2016-09-12 01:32:14,177 - INFO - dominant_tf=[[24  9  5 22 22 22 22  4 16  3 20  5 11 11 11 11 11  0 11  6]
 [24 24 23 23 23 23 23 23 23 22 17 16 11 11 11 11 11 15  3  4]
 [24 24 23 23 23 23 23 23 23 23  1 22 14 10 11 11  3 12 23  6]
 [12 23 23 23 23  8 15 15  8  8 24 10  5 17 12  4 15 16  4 21]
 [12 12 20 20 20 20 20 20 15 13  9 22  1 13  7  6 12 15 14  7]
 [12 12 20 20 20 20 20 20 15  4 10 16  6  9  9 12  5 14 14 14]
 [11 13 20 20 20 19 19 19 19 15 16 16 16 10 15  6 14  4 14 14]
 [ 1 17 19 19 19 19 19 19 19 24 16 21 21 21 21 21 18 13 16 14]
 [17 17 18 19 19 19 19 19 19 10 10 21 21 21 21 21  4 11 17 11]
 [17 18 18 18 18 18 18 10 10 10 10 10 10 10 10 22  2  0  1  9]]
2016-09-12 01:32:14,180 - INFO - terrains=[[ 0  0  0  0  0  0  0  0  0  0  0  0  0  0  0  0  0  0  0  0]
 [21  0  0  0  0  0 21  0  0  0  0  0  0  0  0 21  0  0  0  0]
 [ 0  0 21 21 21  0  0  0  0  0  0  0  0  0  0  0  0  0  0  0]
 [ 0  0  0  0  0  0  0  0  0  0  0  0  0  0  0  0  0  0  0  0]
 [21 21 21 21  0  0 21 21  0  0  0  0  0  0  0  0  0  0  0  0]
 [ 0  0  0 21 21  0  0  0  0  0  0  0  0  0  0  0  0  0  0  0]
 [ 0  0  0  0  0 21 21  0  0  0  0 21  0  0  0  0  0  0  0  0]
 [ 0  0  0  0 21 21 21 21  0  0  0  0  0  0  0  0  0  0  0  0]
 [ 0  0  0  0  0  0  0  0  0  0  0  0  0  0  0  0  0  0  0  0]
 [21  0 21 21 21 21 21 21 21 21 21  0  0  0  0  0  0  0  0  0]]
2016-09-12 01:32:20,343 - INFO - image saved at ./output/map_0_0.png
